------------------------------------------------------------------------------------------
      name:  <unnamed>
       log:  /Users/Sun/Desktop/Econometrics/stata/intro_data.log
  log type:  text
 opened on:  17 Apr 2017, 22:36:42

. set more off

. 
. // Main
. 
. //--------------------------------- Problem 1 --------------------------------
. import delimited using "caschool.csv"
(15 vars, 420 obs)

. // Problem 1: There are (15 vars, 420 obs)
. 
. 
. //--------------------------------- Problem 2 --------------------------------
. sort id

. by id: gen score_avg = (read_scr + math_scr)*(1/2)

. 
. //--------------------------------- Problem 3 --------------------------------
. histogram score_avg
(bin=20, start=605.55005, width=5.0599976)

. sum score_avg

    Variable |        Obs        Mean    Std. Dev.       Min        Max
-------------+---------------------------------------------------------
   score_avg |        420    654.1565    19.05335     605.55     706.75

. // observations: 420    mean: 654.1565     std. dev. 19.05335     min. 605.55     
. // max 706.75
. 
. 
. //--------------------------------- Problem 4 --------------------------------
. // bh stands for "by hand"
. 
. // 4a) Covariance Formula: cov = sum (xi - xn) yi
. egen teachers_avg = mean(teachers)

. by id: gen rcov = (teachers - teachers_avg) * score_avg

. by id: gen rvar = (teachers - teachers_avg)^2

. egen bhcov  = sum(rcov)

. list bhcov

     +-----------+
     |     bhcov |
     |-----------|
  1. | -217312.2 |
  2. | -217312.2 |
  3. | -217312.2 |
  4. | -217312.2 |
  5. | -217312.2 |
     |-----------|
  6. | -217312.2 |
  7. | -217312.2 |
  8. | -217312.2 |
  9. | -217312.2 |
 10. | -217312.2 |
     |-----------|
 11. | -217312.2 |
 12. | -217312.2 |
 13. | -217312.2 |
 14. | -217312.2 |
 15. | -217312.2 |
     |-----------|
 16. | -217312.2 |
 17. | -217312.2 |
 18. | -217312.2 |
 19. | -217312.2 |
 20. | -217312.2 |
     |-----------|
 21. | -217312.2 |
 22. | -217312.2 |
 23. | -217312.2 |
 24. | -217312.2 |
 25. | -217312.2 |
     |-----------|
 26. | -217312.2 |
 27. | -217312.2 |
 28. | -217312.2 |
 29. | -217312.2 |
 30. | -217312.2 |
     |-----------|
 31. | -217312.2 |
 32. | -217312.2 |
 33. | -217312.2 |
 34. | -217312.2 |
 35. | -217312.2 |
     |-----------|
 36. | -217312.2 |
 37. | -217312.2 |
 38. | -217312.2 |
 39. | -217312.2 |
 40. | -217312.2 |
     |-----------|
 41. | -217312.2 |
 42. | -217312.2 |
 43. | -217312.2 |
 44. | -217312.2 |
 45. | -217312.2 |
     |-----------|
 46. | -217312.2 |
 47. | -217312.2 |
 48. | -217312.2 |
 49. | -217312.2 |
 50. | -217312.2 |
     |-----------|
 51. | -217312.2 |
 52. | -217312.2 |
 53. | -217312.2 |
 54. | -217312.2 |
 55. | -217312.2 |
     |-----------|
 56. | -217312.2 |
 57. | -217312.2 |
 58. | -217312.2 |
 59. | -217312.2 |
 60. | -217312.2 |
     |-----------|
 61. | -217312.2 |
 62. | -217312.2 |
 63. | -217312.2 |
 64. | -217312.2 |
 65. | -217312.2 |
     |-----------|
 66. | -217312.2 |
 67. | -217312.2 |
 68. | -217312.2 |
 69. | -217312.2 |
 70. | -217312.2 |
     |-----------|
 71. | -217312.2 |
 72. | -217312.2 |
 73. | -217312.2 |
 74. | -217312.2 |
 75. | -217312.2 |
     |-----------|
 76. | -217312.2 |
 77. | -217312.2 |
 78. | -217312.2 |
 79. | -217312.2 |
 80. | -217312.2 |
     |-----------|
 81. | -217312.2 |
 82. | -217312.2 |
 83. | -217312.2 |
 84. | -217312.2 |
 85. | -217312.2 |
     |-----------|
 86. | -217312.2 |
 87. | -217312.2 |
 88. | -217312.2 |
 89. | -217312.2 |
 90. | -217312.2 |
     |-----------|
 91. | -217312.2 |
 92. | -217312.2 |
 93. | -217312.2 |
 94. | -217312.2 |
 95. | -217312.2 |
     |-----------|
 96. | -217312.2 |
 97. | -217312.2 |
 98. | -217312.2 |
 99. | -217312.2 |
100. | -217312.2 |
     |-----------|
101. | -217312.2 |
102. | -217312.2 |
103. | -217312.2 |
104. | -217312.2 |
105. | -217312.2 |
     |-----------|
106. | -217312.2 |
107. | -217312.2 |
108. | -217312.2 |
109. | -217312.2 |
110. | -217312.2 |
     |-----------|
111. | -217312.2 |
112. | -217312.2 |
113. | -217312.2 |
114. | -217312.2 |
115. | -217312.2 |
     |-----------|
116. | -217312.2 |
117. | -217312.2 |
118. | -217312.2 |
119. | -217312.2 |
120. | -217312.2 |
     |-----------|
121. | -217312.2 |
122. | -217312.2 |
123. | -217312.2 |
124. | -217312.2 |
125. | -217312.2 |
     |-----------|
126. | -217312.2 |
127. | -217312.2 |
128. | -217312.2 |
129. | -217312.2 |
130. | -217312.2 |
     |-----------|
131. | -217312.2 |
132. | -217312.2 |
133. | -217312.2 |
134. | -217312.2 |
135. | -217312.2 |
     |-----------|
136. | -217312.2 |
137. | -217312.2 |
138. | -217312.2 |
139. | -217312.2 |
140. | -217312.2 |
     |-----------|
141. | -217312.2 |
142. | -217312.2 |
143. | -217312.2 |
144. | -217312.2 |
145. | -217312.2 |
     |-----------|
146. | -217312.2 |
147. | -217312.2 |
148. | -217312.2 |
149. | -217312.2 |
150. | -217312.2 |
     |-----------|
151. | -217312.2 |
152. | -217312.2 |
153. | -217312.2 |
154. | -217312.2 |
155. | -217312.2 |
     |-----------|
156. | -217312.2 |
157. | -217312.2 |
158. | -217312.2 |
159. | -217312.2 |
160. | -217312.2 |
     |-----------|
161. | -217312.2 |
162. | -217312.2 |
163. | -217312.2 |
164. | -217312.2 |
165. | -217312.2 |
     |-----------|
166. | -217312.2 |
167. | -217312.2 |
168. | -217312.2 |
169. | -217312.2 |
170. | -217312.2 |
     |-----------|
171. | -217312.2 |
172. | -217312.2 |
173. | -217312.2 |
174. | -217312.2 |
175. | -217312.2 |
     |-----------|
176. | -217312.2 |
177. | -217312.2 |
178. | -217312.2 |
179. | -217312.2 |
180. | -217312.2 |
     |-----------|
181. | -217312.2 |
182. | -217312.2 |
183. | -217312.2 |
184. | -217312.2 |
185. | -217312.2 |
     |-----------|
186. | -217312.2 |
187. | -217312.2 |
188. | -217312.2 |
189. | -217312.2 |
190. | -217312.2 |
     |-----------|
191. | -217312.2 |
192. | -217312.2 |
193. | -217312.2 |
194. | -217312.2 |
195. | -217312.2 |
     |-----------|
196. | -217312.2 |
197. | -217312.2 |
198. | -217312.2 |
199. | -217312.2 |
200. | -217312.2 |
     |-----------|
201. | -217312.2 |
202. | -217312.2 |
203. | -217312.2 |
204. | -217312.2 |
205. | -217312.2 |
     |-----------|
206. | -217312.2 |
207. | -217312.2 |
208. | -217312.2 |
209. | -217312.2 |
210. | -217312.2 |
     |-----------|
211. | -217312.2 |
212. | -217312.2 |
213. | -217312.2 |
214. | -217312.2 |
215. | -217312.2 |
     |-----------|
216. | -217312.2 |
217. | -217312.2 |
218. | -217312.2 |
219. | -217312.2 |
220. | -217312.2 |
     |-----------|
221. | -217312.2 |
222. | -217312.2 |
223. | -217312.2 |
224. | -217312.2 |
225. | -217312.2 |
     |-----------|
226. | -217312.2 |
227. | -217312.2 |
228. | -217312.2 |
229. | -217312.2 |
230. | -217312.2 |
     |-----------|
231. | -217312.2 |
232. | -217312.2 |
233. | -217312.2 |
234. | -217312.2 |
235. | -217312.2 |
     |-----------|
236. | -217312.2 |
237. | -217312.2 |
238. | -217312.2 |
239. | -217312.2 |
240. | -217312.2 |
     |-----------|
241. | -217312.2 |
242. | -217312.2 |
243. | -217312.2 |
244. | -217312.2 |
245. | -217312.2 |
     |-----------|
246. | -217312.2 |
247. | -217312.2 |
248. | -217312.2 |
249. | -217312.2 |
250. | -217312.2 |
     |-----------|
251. | -217312.2 |
252. | -217312.2 |
253. | -217312.2 |
254. | -217312.2 |
255. | -217312.2 |
     |-----------|
256. | -217312.2 |
257. | -217312.2 |
258. | -217312.2 |
259. | -217312.2 |
260. | -217312.2 |
     |-----------|
261. | -217312.2 |
262. | -217312.2 |
263. | -217312.2 |
264. | -217312.2 |
265. | -217312.2 |
     |-----------|
266. | -217312.2 |
267. | -217312.2 |
268. | -217312.2 |
269. | -217312.2 |
270. | -217312.2 |
     |-----------|
271. | -217312.2 |
272. | -217312.2 |
273. | -217312.2 |
274. | -217312.2 |
275. | -217312.2 |
     |-----------|
276. | -217312.2 |
277. | -217312.2 |
278. | -217312.2 |
279. | -217312.2 |
280. | -217312.2 |
     |-----------|
281. | -217312.2 |
282. | -217312.2 |
283. | -217312.2 |
284. | -217312.2 |
285. | -217312.2 |
     |-----------|
286. | -217312.2 |
287. | -217312.2 |
288. | -217312.2 |
289. | -217312.2 |
290. | -217312.2 |
     |-----------|
291. | -217312.2 |
292. | -217312.2 |
293. | -217312.2 |
294. | -217312.2 |
295. | -217312.2 |
     |-----------|
296. | -217312.2 |
297. | -217312.2 |
298. | -217312.2 |
299. | -217312.2 |
300. | -217312.2 |
     |-----------|
301. | -217312.2 |
302. | -217312.2 |
303. | -217312.2 |
304. | -217312.2 |
305. | -217312.2 |
     |-----------|
306. | -217312.2 |
307. | -217312.2 |
308. | -217312.2 |
309. | -217312.2 |
310. | -217312.2 |
     |-----------|
311. | -217312.2 |
312. | -217312.2 |
313. | -217312.2 |
314. | -217312.2 |
315. | -217312.2 |
     |-----------|
316. | -217312.2 |
317. | -217312.2 |
318. | -217312.2 |
319. | -217312.2 |
320. | -217312.2 |
     |-----------|
321. | -217312.2 |
322. | -217312.2 |
323. | -217312.2 |
324. | -217312.2 |
325. | -217312.2 |
     |-----------|
326. | -217312.2 |
327. | -217312.2 |
328. | -217312.2 |
329. | -217312.2 |
330. | -217312.2 |
     |-----------|
331. | -217312.2 |
332. | -217312.2 |
333. | -217312.2 |
334. | -217312.2 |
335. | -217312.2 |
     |-----------|
336. | -217312.2 |
337. | -217312.2 |
338. | -217312.2 |
339. | -217312.2 |
340. | -217312.2 |
     |-----------|
341. | -217312.2 |
342. | -217312.2 |
343. | -217312.2 |
344. | -217312.2 |
345. | -217312.2 |
     |-----------|
346. | -217312.2 |
347. | -217312.2 |
348. | -217312.2 |
349. | -217312.2 |
350. | -217312.2 |
     |-----------|
351. | -217312.2 |
352. | -217312.2 |
353. | -217312.2 |
354. | -217312.2 |
355. | -217312.2 |
     |-----------|
356. | -217312.2 |
357. | -217312.2 |
358. | -217312.2 |
359. | -217312.2 |
360. | -217312.2 |
     |-----------|
361. | -217312.2 |
362. | -217312.2 |
363. | -217312.2 |
364. | -217312.2 |
365. | -217312.2 |
     |-----------|
366. | -217312.2 |
367. | -217312.2 |
368. | -217312.2 |
369. | -217312.2 |
370. | -217312.2 |
     |-----------|
371. | -217312.2 |
372. | -217312.2 |
373. | -217312.2 |
374. | -217312.2 |
375. | -217312.2 |
     |-----------|
376. | -217312.2 |
377. | -217312.2 |
378. | -217312.2 |
379. | -217312.2 |
380. | -217312.2 |
     |-----------|
381. | -217312.2 |
382. | -217312.2 |
383. | -217312.2 |
384. | -217312.2 |
385. | -217312.2 |
     |-----------|
386. | -217312.2 |
387. | -217312.2 |
388. | -217312.2 |
389. | -217312.2 |
390. | -217312.2 |
     |-----------|
391. | -217312.2 |
392. | -217312.2 |
393. | -217312.2 |
394. | -217312.2 |
395. | -217312.2 |
     |-----------|
396. | -217312.2 |
397. | -217312.2 |
398. | -217312.2 |
399. | -217312.2 |
400. | -217312.2 |
     |-----------|
401. | -217312.2 |
402. | -217312.2 |
403. | -217312.2 |
404. | -217312.2 |
405. | -217312.2 |
     |-----------|
406. | -217312.2 |
407. | -217312.2 |
408. | -217312.2 |
409. | -217312.2 |
410. | -217312.2 |
     |-----------|
411. | -217312.2 |
412. | -217312.2 |
413. | -217312.2 |
414. | -217312.2 |
415. | -217312.2 |
     |-----------|
416. | -217312.2 |
417. | -217312.2 |
418. | -217312.2 |
419. | -217312.2 |
420. | -217312.2 |
     +-----------+

. // bhcov: -217312.2 
. 
. // 4a) Variance Formula: var = sum (xi -xn)^2
. egen bhvar  = sum(rvar)

. list bhvar

     +----------+
     |    bhvar |
     |----------|
  1. | 1.48e+07 |
  2. | 1.48e+07 |
  3. | 1.48e+07 |
  4. | 1.48e+07 |
  5. | 1.48e+07 |
     |----------|
  6. | 1.48e+07 |
  7. | 1.48e+07 |
  8. | 1.48e+07 |
  9. | 1.48e+07 |
 10. | 1.48e+07 |
     |----------|
 11. | 1.48e+07 |
 12. | 1.48e+07 |
 13. | 1.48e+07 |
 14. | 1.48e+07 |
 15. | 1.48e+07 |
     |----------|
 16. | 1.48e+07 |
 17. | 1.48e+07 |
 18. | 1.48e+07 |
 19. | 1.48e+07 |
 20. | 1.48e+07 |
     |----------|
 21. | 1.48e+07 |
 22. | 1.48e+07 |
 23. | 1.48e+07 |
 24. | 1.48e+07 |
 25. | 1.48e+07 |
     |----------|
 26. | 1.48e+07 |
 27. | 1.48e+07 |
 28. | 1.48e+07 |
 29. | 1.48e+07 |
 30. | 1.48e+07 |
     |----------|
 31. | 1.48e+07 |
 32. | 1.48e+07 |
 33. | 1.48e+07 |
 34. | 1.48e+07 |
 35. | 1.48e+07 |
     |----------|
 36. | 1.48e+07 |
 37. | 1.48e+07 |
 38. | 1.48e+07 |
 39. | 1.48e+07 |
 40. | 1.48e+07 |
     |----------|
 41. | 1.48e+07 |
 42. | 1.48e+07 |
 43. | 1.48e+07 |
 44. | 1.48e+07 |
 45. | 1.48e+07 |
     |----------|
 46. | 1.48e+07 |
 47. | 1.48e+07 |
 48. | 1.48e+07 |
 49. | 1.48e+07 |
 50. | 1.48e+07 |
     |----------|
 51. | 1.48e+07 |
 52. | 1.48e+07 |
 53. | 1.48e+07 |
 54. | 1.48e+07 |
 55. | 1.48e+07 |
     |----------|
 56. | 1.48e+07 |
 57. | 1.48e+07 |
 58. | 1.48e+07 |
 59. | 1.48e+07 |
 60. | 1.48e+07 |
     |----------|
 61. | 1.48e+07 |
 62. | 1.48e+07 |
 63. | 1.48e+07 |
 64. | 1.48e+07 |
 65. | 1.48e+07 |
     |----------|
 66. | 1.48e+07 |
 67. | 1.48e+07 |
 68. | 1.48e+07 |
 69. | 1.48e+07 |
 70. | 1.48e+07 |
     |----------|
 71. | 1.48e+07 |
 72. | 1.48e+07 |
 73. | 1.48e+07 |
 74. | 1.48e+07 |
 75. | 1.48e+07 |
     |----------|
 76. | 1.48e+07 |
 77. | 1.48e+07 |
 78. | 1.48e+07 |
 79. | 1.48e+07 |
 80. | 1.48e+07 |
     |----------|
 81. | 1.48e+07 |
 82. | 1.48e+07 |
 83. | 1.48e+07 |
 84. | 1.48e+07 |
 85. | 1.48e+07 |
     |----------|
 86. | 1.48e+07 |
 87. | 1.48e+07 |
 88. | 1.48e+07 |
 89. | 1.48e+07 |
 90. | 1.48e+07 |
     |----------|
 91. | 1.48e+07 |
 92. | 1.48e+07 |
 93. | 1.48e+07 |
 94. | 1.48e+07 |
 95. | 1.48e+07 |
     |----------|
 96. | 1.48e+07 |
 97. | 1.48e+07 |
 98. | 1.48e+07 |
 99. | 1.48e+07 |
100. | 1.48e+07 |
     |----------|
101. | 1.48e+07 |
102. | 1.48e+07 |
103. | 1.48e+07 |
104. | 1.48e+07 |
105. | 1.48e+07 |
     |----------|
106. | 1.48e+07 |
107. | 1.48e+07 |
108. | 1.48e+07 |
109. | 1.48e+07 |
110. | 1.48e+07 |
     |----------|
111. | 1.48e+07 |
112. | 1.48e+07 |
113. | 1.48e+07 |
114. | 1.48e+07 |
115. | 1.48e+07 |
     |----------|
116. | 1.48e+07 |
117. | 1.48e+07 |
118. | 1.48e+07 |
119. | 1.48e+07 |
120. | 1.48e+07 |
     |----------|
121. | 1.48e+07 |
122. | 1.48e+07 |
123. | 1.48e+07 |
124. | 1.48e+07 |
125. | 1.48e+07 |
     |----------|
126. | 1.48e+07 |
127. | 1.48e+07 |
128. | 1.48e+07 |
129. | 1.48e+07 |
130. | 1.48e+07 |
     |----------|
131. | 1.48e+07 |
132. | 1.48e+07 |
133. | 1.48e+07 |
134. | 1.48e+07 |
135. | 1.48e+07 |
     |----------|
136. | 1.48e+07 |
137. | 1.48e+07 |
138. | 1.48e+07 |
139. | 1.48e+07 |
140. | 1.48e+07 |
     |----------|
141. | 1.48e+07 |
142. | 1.48e+07 |
143. | 1.48e+07 |
144. | 1.48e+07 |
145. | 1.48e+07 |
     |----------|
146. | 1.48e+07 |
147. | 1.48e+07 |
148. | 1.48e+07 |
149. | 1.48e+07 |
150. | 1.48e+07 |
     |----------|
151. | 1.48e+07 |
152. | 1.48e+07 |
153. | 1.48e+07 |
154. | 1.48e+07 |
155. | 1.48e+07 |
     |----------|
156. | 1.48e+07 |
157. | 1.48e+07 |
158. | 1.48e+07 |
159. | 1.48e+07 |
160. | 1.48e+07 |
     |----------|
161. | 1.48e+07 |
162. | 1.48e+07 |
163. | 1.48e+07 |
164. | 1.48e+07 |
165. | 1.48e+07 |
     |----------|
166. | 1.48e+07 |
167. | 1.48e+07 |
168. | 1.48e+07 |
169. | 1.48e+07 |
170. | 1.48e+07 |
     |----------|
171. | 1.48e+07 |
172. | 1.48e+07 |
173. | 1.48e+07 |
174. | 1.48e+07 |
175. | 1.48e+07 |
     |----------|
176. | 1.48e+07 |
177. | 1.48e+07 |
178. | 1.48e+07 |
179. | 1.48e+07 |
180. | 1.48e+07 |
     |----------|
181. | 1.48e+07 |
182. | 1.48e+07 |
183. | 1.48e+07 |
184. | 1.48e+07 |
185. | 1.48e+07 |
     |----------|
186. | 1.48e+07 |
187. | 1.48e+07 |
188. | 1.48e+07 |
189. | 1.48e+07 |
190. | 1.48e+07 |
     |----------|
191. | 1.48e+07 |
192. | 1.48e+07 |
193. | 1.48e+07 |
194. | 1.48e+07 |
195. | 1.48e+07 |
     |----------|
196. | 1.48e+07 |
197. | 1.48e+07 |
198. | 1.48e+07 |
199. | 1.48e+07 |
200. | 1.48e+07 |
     |----------|
201. | 1.48e+07 |
202. | 1.48e+07 |
203. | 1.48e+07 |
204. | 1.48e+07 |
205. | 1.48e+07 |
     |----------|
206. | 1.48e+07 |
207. | 1.48e+07 |
208. | 1.48e+07 |
209. | 1.48e+07 |
210. | 1.48e+07 |
     |----------|
211. | 1.48e+07 |
212. | 1.48e+07 |
213. | 1.48e+07 |
214. | 1.48e+07 |
215. | 1.48e+07 |
     |----------|
216. | 1.48e+07 |
217. | 1.48e+07 |
218. | 1.48e+07 |
219. | 1.48e+07 |
220. | 1.48e+07 |
     |----------|
221. | 1.48e+07 |
222. | 1.48e+07 |
223. | 1.48e+07 |
224. | 1.48e+07 |
225. | 1.48e+07 |
     |----------|
226. | 1.48e+07 |
227. | 1.48e+07 |
228. | 1.48e+07 |
229. | 1.48e+07 |
230. | 1.48e+07 |
     |----------|
231. | 1.48e+07 |
232. | 1.48e+07 |
233. | 1.48e+07 |
234. | 1.48e+07 |
235. | 1.48e+07 |
     |----------|
236. | 1.48e+07 |
237. | 1.48e+07 |
238. | 1.48e+07 |
239. | 1.48e+07 |
240. | 1.48e+07 |
     |----------|
241. | 1.48e+07 |
242. | 1.48e+07 |
243. | 1.48e+07 |
244. | 1.48e+07 |
245. | 1.48e+07 |
     |----------|
246. | 1.48e+07 |
247. | 1.48e+07 |
248. | 1.48e+07 |
249. | 1.48e+07 |
250. | 1.48e+07 |
     |----------|
251. | 1.48e+07 |
252. | 1.48e+07 |
253. | 1.48e+07 |
254. | 1.48e+07 |
255. | 1.48e+07 |
     |----------|
256. | 1.48e+07 |
257. | 1.48e+07 |
258. | 1.48e+07 |
259. | 1.48e+07 |
260. | 1.48e+07 |
     |----------|
261. | 1.48e+07 |
262. | 1.48e+07 |
263. | 1.48e+07 |
264. | 1.48e+07 |
265. | 1.48e+07 |
     |----------|
266. | 1.48e+07 |
267. | 1.48e+07 |
268. | 1.48e+07 |
269. | 1.48e+07 |
270. | 1.48e+07 |
     |----------|
271. | 1.48e+07 |
272. | 1.48e+07 |
273. | 1.48e+07 |
274. | 1.48e+07 |
275. | 1.48e+07 |
     |----------|
276. | 1.48e+07 |
277. | 1.48e+07 |
278. | 1.48e+07 |
279. | 1.48e+07 |
280. | 1.48e+07 |
     |----------|
281. | 1.48e+07 |
282. | 1.48e+07 |
283. | 1.48e+07 |
284. | 1.48e+07 |
285. | 1.48e+07 |
     |----------|
286. | 1.48e+07 |
287. | 1.48e+07 |
288. | 1.48e+07 |
289. | 1.48e+07 |
290. | 1.48e+07 |
     |----------|
291. | 1.48e+07 |
292. | 1.48e+07 |
293. | 1.48e+07 |
294. | 1.48e+07 |
295. | 1.48e+07 |
     |----------|
296. | 1.48e+07 |
297. | 1.48e+07 |
298. | 1.48e+07 |
299. | 1.48e+07 |
300. | 1.48e+07 |
     |----------|
301. | 1.48e+07 |
302. | 1.48e+07 |
303. | 1.48e+07 |
304. | 1.48e+07 |
305. | 1.48e+07 |
     |----------|
306. | 1.48e+07 |
307. | 1.48e+07 |
308. | 1.48e+07 |
309. | 1.48e+07 |
310. | 1.48e+07 |
     |----------|
311. | 1.48e+07 |
312. | 1.48e+07 |
313. | 1.48e+07 |
314. | 1.48e+07 |
315. | 1.48e+07 |
     |----------|
316. | 1.48e+07 |
317. | 1.48e+07 |
318. | 1.48e+07 |
319. | 1.48e+07 |
320. | 1.48e+07 |
     |----------|
321. | 1.48e+07 |
322. | 1.48e+07 |
323. | 1.48e+07 |
324. | 1.48e+07 |
325. | 1.48e+07 |
     |----------|
326. | 1.48e+07 |
327. | 1.48e+07 |
328. | 1.48e+07 |
329. | 1.48e+07 |
330. | 1.48e+07 |
     |----------|
331. | 1.48e+07 |
332. | 1.48e+07 |
333. | 1.48e+07 |
334. | 1.48e+07 |
335. | 1.48e+07 |
     |----------|
336. | 1.48e+07 |
337. | 1.48e+07 |
338. | 1.48e+07 |
339. | 1.48e+07 |
340. | 1.48e+07 |
     |----------|
341. | 1.48e+07 |
342. | 1.48e+07 |
343. | 1.48e+07 |
344. | 1.48e+07 |
345. | 1.48e+07 |
     |----------|
346. | 1.48e+07 |
347. | 1.48e+07 |
348. | 1.48e+07 |
349. | 1.48e+07 |
350. | 1.48e+07 |
     |----------|
351. | 1.48e+07 |
352. | 1.48e+07 |
353. | 1.48e+07 |
354. | 1.48e+07 |
355. | 1.48e+07 |
     |----------|
356. | 1.48e+07 |
357. | 1.48e+07 |
358. | 1.48e+07 |
359. | 1.48e+07 |
360. | 1.48e+07 |
     |----------|
361. | 1.48e+07 |
362. | 1.48e+07 |
363. | 1.48e+07 |
364. | 1.48e+07 |
365. | 1.48e+07 |
     |----------|
366. | 1.48e+07 |
367. | 1.48e+07 |
368. | 1.48e+07 |
369. | 1.48e+07 |
370. | 1.48e+07 |
     |----------|
371. | 1.48e+07 |
372. | 1.48e+07 |
373. | 1.48e+07 |
374. | 1.48e+07 |
375. | 1.48e+07 |
     |----------|
376. | 1.48e+07 |
377. | 1.48e+07 |
378. | 1.48e+07 |
379. | 1.48e+07 |
380. | 1.48e+07 |
     |----------|
381. | 1.48e+07 |
382. | 1.48e+07 |
383. | 1.48e+07 |
384. | 1.48e+07 |
385. | 1.48e+07 |
     |----------|
386. | 1.48e+07 |
387. | 1.48e+07 |
388. | 1.48e+07 |
389. | 1.48e+07 |
390. | 1.48e+07 |
     |----------|
391. | 1.48e+07 |
392. | 1.48e+07 |
393. | 1.48e+07 |
394. | 1.48e+07 |
395. | 1.48e+07 |
     |----------|
396. | 1.48e+07 |
397. | 1.48e+07 |
398. | 1.48e+07 |
399. | 1.48e+07 |
400. | 1.48e+07 |
     |----------|
401. | 1.48e+07 |
402. | 1.48e+07 |
403. | 1.48e+07 |
404. | 1.48e+07 |
405. | 1.48e+07 |
     |----------|
406. | 1.48e+07 |
407. | 1.48e+07 |
408. | 1.48e+07 |
409. | 1.48e+07 |
410. | 1.48e+07 |
     |----------|
411. | 1.48e+07 |
412. | 1.48e+07 |
413. | 1.48e+07 |
414. | 1.48e+07 |
415. | 1.48e+07 |
     |----------|
416. | 1.48e+07 |
417. | 1.48e+07 |
418. | 1.48e+07 |
419. | 1.48e+07 |
420. | 1.48e+07 |
     +----------+

. // bhvar: 1.48e+07 
. 
. // 4a) Beta 1 Formula: b1 = sum (xi - xn) yi/ sum (xi -xn)^2
. gen bhb1 = bhcov/bhvar

. list bhb1

     +-----------+
     |      bhb1 |
     |-----------|
  1. | -.0146878 |
  2. | -.0146878 |
  3. | -.0146878 |
  4. | -.0146878 |
  5. | -.0146878 |
     |-----------|
  6. | -.0146878 |
  7. | -.0146878 |
  8. | -.0146878 |
  9. | -.0146878 |
 10. | -.0146878 |
     |-----------|
 11. | -.0146878 |
 12. | -.0146878 |
 13. | -.0146878 |
 14. | -.0146878 |
 15. | -.0146878 |
     |-----------|
 16. | -.0146878 |
 17. | -.0146878 |
 18. | -.0146878 |
 19. | -.0146878 |
 20. | -.0146878 |
     |-----------|
 21. | -.0146878 |
 22. | -.0146878 |
 23. | -.0146878 |
 24. | -.0146878 |
 25. | -.0146878 |
     |-----------|
 26. | -.0146878 |
 27. | -.0146878 |
 28. | -.0146878 |
 29. | -.0146878 |
 30. | -.0146878 |
     |-----------|
 31. | -.0146878 |
 32. | -.0146878 |
 33. | -.0146878 |
 34. | -.0146878 |
 35. | -.0146878 |
     |-----------|
 36. | -.0146878 |
 37. | -.0146878 |
 38. | -.0146878 |
 39. | -.0146878 |
 40. | -.0146878 |
     |-----------|
 41. | -.0146878 |
 42. | -.0146878 |
 43. | -.0146878 |
 44. | -.0146878 |
 45. | -.0146878 |
     |-----------|
 46. | -.0146878 |
 47. | -.0146878 |
 48. | -.0146878 |
 49. | -.0146878 |
 50. | -.0146878 |
     |-----------|
 51. | -.0146878 |
 52. | -.0146878 |
 53. | -.0146878 |
 54. | -.0146878 |
 55. | -.0146878 |
     |-----------|
 56. | -.0146878 |
 57. | -.0146878 |
 58. | -.0146878 |
 59. | -.0146878 |
 60. | -.0146878 |
     |-----------|
 61. | -.0146878 |
 62. | -.0146878 |
 63. | -.0146878 |
 64. | -.0146878 |
 65. | -.0146878 |
     |-----------|
 66. | -.0146878 |
 67. | -.0146878 |
 68. | -.0146878 |
 69. | -.0146878 |
 70. | -.0146878 |
     |-----------|
 71. | -.0146878 |
 72. | -.0146878 |
 73. | -.0146878 |
 74. | -.0146878 |
 75. | -.0146878 |
     |-----------|
 76. | -.0146878 |
 77. | -.0146878 |
 78. | -.0146878 |
 79. | -.0146878 |
 80. | -.0146878 |
     |-----------|
 81. | -.0146878 |
 82. | -.0146878 |
 83. | -.0146878 |
 84. | -.0146878 |
 85. | -.0146878 |
     |-----------|
 86. | -.0146878 |
 87. | -.0146878 |
 88. | -.0146878 |
 89. | -.0146878 |
 90. | -.0146878 |
     |-----------|
 91. | -.0146878 |
 92. | -.0146878 |
 93. | -.0146878 |
 94. | -.0146878 |
 95. | -.0146878 |
     |-----------|
 96. | -.0146878 |
 97. | -.0146878 |
 98. | -.0146878 |
 99. | -.0146878 |
100. | -.0146878 |
     |-----------|
101. | -.0146878 |
102. | -.0146878 |
103. | -.0146878 |
104. | -.0146878 |
105. | -.0146878 |
     |-----------|
106. | -.0146878 |
107. | -.0146878 |
108. | -.0146878 |
109. | -.0146878 |
110. | -.0146878 |
     |-----------|
111. | -.0146878 |
112. | -.0146878 |
113. | -.0146878 |
114. | -.0146878 |
115. | -.0146878 |
     |-----------|
116. | -.0146878 |
117. | -.0146878 |
118. | -.0146878 |
119. | -.0146878 |
120. | -.0146878 |
     |-----------|
121. | -.0146878 |
122. | -.0146878 |
123. | -.0146878 |
124. | -.0146878 |
125. | -.0146878 |
     |-----------|
126. | -.0146878 |
127. | -.0146878 |
128. | -.0146878 |
129. | -.0146878 |
130. | -.0146878 |
     |-----------|
131. | -.0146878 |
132. | -.0146878 |
133. | -.0146878 |
134. | -.0146878 |
135. | -.0146878 |
     |-----------|
136. | -.0146878 |
137. | -.0146878 |
138. | -.0146878 |
139. | -.0146878 |
140. | -.0146878 |
     |-----------|
141. | -.0146878 |
142. | -.0146878 |
143. | -.0146878 |
144. | -.0146878 |
145. | -.0146878 |
     |-----------|
146. | -.0146878 |
147. | -.0146878 |
148. | -.0146878 |
149. | -.0146878 |
150. | -.0146878 |
     |-----------|
151. | -.0146878 |
152. | -.0146878 |
153. | -.0146878 |
154. | -.0146878 |
155. | -.0146878 |
     |-----------|
156. | -.0146878 |
157. | -.0146878 |
158. | -.0146878 |
159. | -.0146878 |
160. | -.0146878 |
     |-----------|
161. | -.0146878 |
162. | -.0146878 |
163. | -.0146878 |
164. | -.0146878 |
165. | -.0146878 |
     |-----------|
166. | -.0146878 |
167. | -.0146878 |
168. | -.0146878 |
169. | -.0146878 |
170. | -.0146878 |
     |-----------|
171. | -.0146878 |
172. | -.0146878 |
173. | -.0146878 |
174. | -.0146878 |
175. | -.0146878 |
     |-----------|
176. | -.0146878 |
177. | -.0146878 |
178. | -.0146878 |
179. | -.0146878 |
180. | -.0146878 |
     |-----------|
181. | -.0146878 |
182. | -.0146878 |
183. | -.0146878 |
184. | -.0146878 |
185. | -.0146878 |
     |-----------|
186. | -.0146878 |
187. | -.0146878 |
188. | -.0146878 |
189. | -.0146878 |
190. | -.0146878 |
     |-----------|
191. | -.0146878 |
192. | -.0146878 |
193. | -.0146878 |
194. | -.0146878 |
195. | -.0146878 |
     |-----------|
196. | -.0146878 |
197. | -.0146878 |
198. | -.0146878 |
199. | -.0146878 |
200. | -.0146878 |
     |-----------|
201. | -.0146878 |
202. | -.0146878 |
203. | -.0146878 |
204. | -.0146878 |
205. | -.0146878 |
     |-----------|
206. | -.0146878 |
207. | -.0146878 |
208. | -.0146878 |
209. | -.0146878 |
210. | -.0146878 |
     |-----------|
211. | -.0146878 |
212. | -.0146878 |
213. | -.0146878 |
214. | -.0146878 |
215. | -.0146878 |
     |-----------|
216. | -.0146878 |
217. | -.0146878 |
218. | -.0146878 |
219. | -.0146878 |
220. | -.0146878 |
     |-----------|
221. | -.0146878 |
222. | -.0146878 |
223. | -.0146878 |
224. | -.0146878 |
225. | -.0146878 |
     |-----------|
226. | -.0146878 |
227. | -.0146878 |
228. | -.0146878 |
229. | -.0146878 |
230. | -.0146878 |
     |-----------|
231. | -.0146878 |
232. | -.0146878 |
233. | -.0146878 |
234. | -.0146878 |
235. | -.0146878 |
     |-----------|
236. | -.0146878 |
237. | -.0146878 |
238. | -.0146878 |
239. | -.0146878 |
240. | -.0146878 |
     |-----------|
241. | -.0146878 |
242. | -.0146878 |
243. | -.0146878 |
244. | -.0146878 |
245. | -.0146878 |
     |-----------|
246. | -.0146878 |
247. | -.0146878 |
248. | -.0146878 |
249. | -.0146878 |
250. | -.0146878 |
     |-----------|
251. | -.0146878 |
252. | -.0146878 |
253. | -.0146878 |
254. | -.0146878 |
255. | -.0146878 |
     |-----------|
256. | -.0146878 |
257. | -.0146878 |
258. | -.0146878 |
259. | -.0146878 |
260. | -.0146878 |
     |-----------|
261. | -.0146878 |
262. | -.0146878 |
263. | -.0146878 |
264. | -.0146878 |
265. | -.0146878 |
     |-----------|
266. | -.0146878 |
267. | -.0146878 |
268. | -.0146878 |
269. | -.0146878 |
270. | -.0146878 |
     |-----------|
271. | -.0146878 |
272. | -.0146878 |
273. | -.0146878 |
274. | -.0146878 |
275. | -.0146878 |
     |-----------|
276. | -.0146878 |
277. | -.0146878 |
278. | -.0146878 |
279. | -.0146878 |
280. | -.0146878 |
     |-----------|
281. | -.0146878 |
282. | -.0146878 |
283. | -.0146878 |
284. | -.0146878 |
285. | -.0146878 |
     |-----------|
286. | -.0146878 |
287. | -.0146878 |
288. | -.0146878 |
289. | -.0146878 |
290. | -.0146878 |
     |-----------|
291. | -.0146878 |
292. | -.0146878 |
293. | -.0146878 |
294. | -.0146878 |
295. | -.0146878 |
     |-----------|
296. | -.0146878 |
297. | -.0146878 |
298. | -.0146878 |
299. | -.0146878 |
300. | -.0146878 |
     |-----------|
301. | -.0146878 |
302. | -.0146878 |
303. | -.0146878 |
304. | -.0146878 |
305. | -.0146878 |
     |-----------|
306. | -.0146878 |
307. | -.0146878 |
308. | -.0146878 |
309. | -.0146878 |
310. | -.0146878 |
     |-----------|
311. | -.0146878 |
312. | -.0146878 |
313. | -.0146878 |
314. | -.0146878 |
315. | -.0146878 |
     |-----------|
316. | -.0146878 |
317. | -.0146878 |
318. | -.0146878 |
319. | -.0146878 |
320. | -.0146878 |
     |-----------|
321. | -.0146878 |
322. | -.0146878 |
323. | -.0146878 |
324. | -.0146878 |
325. | -.0146878 |
     |-----------|
326. | -.0146878 |
327. | -.0146878 |
328. | -.0146878 |
329. | -.0146878 |
330. | -.0146878 |
     |-----------|
331. | -.0146878 |
332. | -.0146878 |
333. | -.0146878 |
334. | -.0146878 |
335. | -.0146878 |
     |-----------|
336. | -.0146878 |
337. | -.0146878 |
338. | -.0146878 |
339. | -.0146878 |
340. | -.0146878 |
     |-----------|
341. | -.0146878 |
342. | -.0146878 |
343. | -.0146878 |
344. | -.0146878 |
345. | -.0146878 |
     |-----------|
346. | -.0146878 |
347. | -.0146878 |
348. | -.0146878 |
349. | -.0146878 |
350. | -.0146878 |
     |-----------|
351. | -.0146878 |
352. | -.0146878 |
353. | -.0146878 |
354. | -.0146878 |
355. | -.0146878 |
     |-----------|
356. | -.0146878 |
357. | -.0146878 |
358. | -.0146878 |
359. | -.0146878 |
360. | -.0146878 |
     |-----------|
361. | -.0146878 |
362. | -.0146878 |
363. | -.0146878 |
364. | -.0146878 |
365. | -.0146878 |
     |-----------|
366. | -.0146878 |
367. | -.0146878 |
368. | -.0146878 |
369. | -.0146878 |
370. | -.0146878 |
     |-----------|
371. | -.0146878 |
372. | -.0146878 |
373. | -.0146878 |
374. | -.0146878 |
375. | -.0146878 |
     |-----------|
376. | -.0146878 |
377. | -.0146878 |
378. | -.0146878 |
379. | -.0146878 |
380. | -.0146878 |
     |-----------|
381. | -.0146878 |
382. | -.0146878 |
383. | -.0146878 |
384. | -.0146878 |
385. | -.0146878 |
     |-----------|
386. | -.0146878 |
387. | -.0146878 |
388. | -.0146878 |
389. | -.0146878 |
390. | -.0146878 |
     |-----------|
391. | -.0146878 |
392. | -.0146878 |
393. | -.0146878 |
394. | -.0146878 |
395. | -.0146878 |
     |-----------|
396. | -.0146878 |
397. | -.0146878 |
398. | -.0146878 |
399. | -.0146878 |
400. | -.0146878 |
     |-----------|
401. | -.0146878 |
402. | -.0146878 |
403. | -.0146878 |
404. | -.0146878 |
405. | -.0146878 |
     |-----------|
406. | -.0146878 |
407. | -.0146878 |
408. | -.0146878 |
409. | -.0146878 |
410. | -.0146878 |
     |-----------|
411. | -.0146878 |
412. | -.0146878 |
413. | -.0146878 |
414. | -.0146878 |
415. | -.0146878 |
     |-----------|
416. | -.0146878 |
417. | -.0146878 |
418. | -.0146878 |
419. | -.0146878 |
420. | -.0146878 |
     +-----------+

. // bhb1: -.0146878
. 
. // 4b) Regression
. regress score_avg teachers 

      Source |       SS           df       MS      Number of obs   =       420
-------------+----------------------------------   F(1, 418)       =      8.96
       Model |  3191.79293         1  3191.79293   Prob > F        =    0.0029
    Residual |  148917.801       418  356.262681   R-squared       =    0.0210
-------------+----------------------------------   Adj R-squared   =    0.0186
       Total |  152109.594       419  363.030056   Root MSE        =    18.875

------------------------------------------------------------------------------
   score_avg |      Coef.   Std. Err.      t    P>|t|     [95% Conf. Interval]
-------------+----------------------------------------------------------------
    teachers |  -.0146877   .0049071    -2.99   0.003    -.0243333   -.0050421
       _cons |   656.0523   1.117751   586.94   0.000     653.8551    658.2494
------------------------------------------------------------------------------

. 
. // 4c) B0
. // b0:  656.0523 
. // b0: p value 0.000
. // Interpret: Yes it is significantly different from zero, since the p-value 
. // is 0.000, which is smaller than 0.05. In this context, b0 represents what 
. // the score average of the school would be if there were no teachers.
. 
. // 4d) B1
. // b1: -.0146877
. // b1: p value 0.003
. // Interpret: Yes, it is also significantly different from zero, since the 
. // p-value is extremely small (0.003). Hence, it is much smaller than 0.05. 
. // Here, b1 represents how much the score average of a school would decrease by 
. // in response to a one unit increase in number of teachers.
. 
. // 4e) R^2
. // R^2: 0.0210 
. // e: R^2 is 0.0210, meaning that only 2.1% of the variation in score averages
. // can be explained by changes in the number of teachers in each school.
. 
. //--------------------------------- Problem 5 --------------------------------
. gen ts = teachers/enrl_tot

. regress score_avg ts

      Source |       SS           df       MS      Number of obs   =       420
-------------+----------------------------------   F(1, 418)       =     22.58
       Model |  7794.76364         1  7794.76364   Prob > F        =    0.0000
    Residual |   144314.83       418  345.250789   R-squared       =    0.0512
-------------+----------------------------------   Adj R-squared   =    0.0490
       Total |  152109.594       419  363.030056   Root MSE        =    18.581

------------------------------------------------------------------------------
   score_avg |      Coef.   Std. Err.      t    P>|t|     [95% Conf. Interval]
-------------+----------------------------------------------------------------
          ts |   837.5918   176.2781     4.75   0.000     491.0899    1184.094
       _cons |   611.1008   9.106676    67.10   0.000     593.2002    629.0014
------------------------------------------------------------------------------

. // bo:  611.1008
. // b1:  837.5918
. // R^2: 0.0512
. 
. // 5c) Here, b1 is positive (unlike in problem 4). This makes sense because as 
. // the ratio of teachers to students increases in a given school, presumably 
. // the quality of education will increase as well, since each teacher will be 
. // able to provide more individualized attention to students when the class 
. // sizes are smaller. This improvement in education quality should, in theory, 
. // translate to higher score averages. In the previous problem, we were only 
. // regressing the number of teachers with score averages, which gave us a 
. // negative slope for the best-fit line. This result doesn’t necessarily imply 
. // that the more teachers a school has, the lower its average test scores will 
. // be. Instead, the relationship between the number of teachers and score 
. // average can be explained by other lurking variables, such as classroom size. 
. // Often times, larger schools tend with more teachers also have more students, 
. // meaning that the teacher student ratios can be quite large. In this scenario,
. // students are likely to get less individualized attention from teachers, thus 
. // decreasing the quality of education that they receive and their average test 
. // scores.
. 
. 
. // 5d) We prefer using the specification in question 5, since the teacher 
. // to student ratio more accurately conveys how it is the quality of education 
. // (among other external factors) that each student receives that affects the 
. // average test scores (and not the absolute number of teachers per se).
. 
. 
. //--------------------------------- Problem 6 --------------------------------
. // 6a) Predicting Average Acores
. local beta0_hat = _b[_cons]

. local beta1_hat = _b[ts]

. gen tmp1 = `beta0_hat' + `beta1_hat'*(25/500)

. list tmp1 

     +----------+
     |     tmp1 |
     |----------|
  1. | 652.9804 |
  2. | 652.9804 |
  3. | 652.9804 |
  4. | 652.9804 |
  5. | 652.9804 |
     |----------|
  6. | 652.9804 |
  7. | 652.9804 |
  8. | 652.9804 |
  9. | 652.9804 |
 10. | 652.9804 |
     |----------|
 11. | 652.9804 |
 12. | 652.9804 |
 13. | 652.9804 |
 14. | 652.9804 |
 15. | 652.9804 |
     |----------|
 16. | 652.9804 |
 17. | 652.9804 |
 18. | 652.9804 |
 19. | 652.9804 |
 20. | 652.9804 |
     |----------|
 21. | 652.9804 |
 22. | 652.9804 |
 23. | 652.9804 |
 24. | 652.9804 |
 25. | 652.9804 |
     |----------|
 26. | 652.9804 |
 27. | 652.9804 |
 28. | 652.9804 |
 29. | 652.9804 |
 30. | 652.9804 |
     |----------|
 31. | 652.9804 |
 32. | 652.9804 |
 33. | 652.9804 |
 34. | 652.9804 |
 35. | 652.9804 |
     |----------|
 36. | 652.9804 |
 37. | 652.9804 |
 38. | 652.9804 |
 39. | 652.9804 |
 40. | 652.9804 |
     |----------|
 41. | 652.9804 |
 42. | 652.9804 |
 43. | 652.9804 |
 44. | 652.9804 |
 45. | 652.9804 |
     |----------|
 46. | 652.9804 |
 47. | 652.9804 |
 48. | 652.9804 |
 49. | 652.9804 |
 50. | 652.9804 |
     |----------|
 51. | 652.9804 |
 52. | 652.9804 |
 53. | 652.9804 |
 54. | 652.9804 |
 55. | 652.9804 |
     |----------|
 56. | 652.9804 |
 57. | 652.9804 |
 58. | 652.9804 |
 59. | 652.9804 |
 60. | 652.9804 |
     |----------|
 61. | 652.9804 |
 62. | 652.9804 |
 63. | 652.9804 |
 64. | 652.9804 |
 65. | 652.9804 |
     |----------|
 66. | 652.9804 |
 67. | 652.9804 |
 68. | 652.9804 |
 69. | 652.9804 |
 70. | 652.9804 |
     |----------|
 71. | 652.9804 |
 72. | 652.9804 |
 73. | 652.9804 |
 74. | 652.9804 |
 75. | 652.9804 |
     |----------|
 76. | 652.9804 |
 77. | 652.9804 |
 78. | 652.9804 |
 79. | 652.9804 |
 80. | 652.9804 |
     |----------|
 81. | 652.9804 |
 82. | 652.9804 |
 83. | 652.9804 |
 84. | 652.9804 |
 85. | 652.9804 |
     |----------|
 86. | 652.9804 |
 87. | 652.9804 |
 88. | 652.9804 |
 89. | 652.9804 |
 90. | 652.9804 |
     |----------|
 91. | 652.9804 |
 92. | 652.9804 |
 93. | 652.9804 |
 94. | 652.9804 |
 95. | 652.9804 |
     |----------|
 96. | 652.9804 |
 97. | 652.9804 |
 98. | 652.9804 |
 99. | 652.9804 |
100. | 652.9804 |
     |----------|
101. | 652.9804 |
102. | 652.9804 |
103. | 652.9804 |
104. | 652.9804 |
105. | 652.9804 |
     |----------|
106. | 652.9804 |
107. | 652.9804 |
108. | 652.9804 |
109. | 652.9804 |
110. | 652.9804 |
     |----------|
111. | 652.9804 |
112. | 652.9804 |
113. | 652.9804 |
114. | 652.9804 |
115. | 652.9804 |
     |----------|
116. | 652.9804 |
117. | 652.9804 |
118. | 652.9804 |
119. | 652.9804 |
120. | 652.9804 |
     |----------|
121. | 652.9804 |
122. | 652.9804 |
123. | 652.9804 |
124. | 652.9804 |
125. | 652.9804 |
     |----------|
126. | 652.9804 |
127. | 652.9804 |
128. | 652.9804 |
129. | 652.9804 |
130. | 652.9804 |
     |----------|
131. | 652.9804 |
132. | 652.9804 |
133. | 652.9804 |
134. | 652.9804 |
135. | 652.9804 |
     |----------|
136. | 652.9804 |
137. | 652.9804 |
138. | 652.9804 |
139. | 652.9804 |
140. | 652.9804 |
     |----------|
141. | 652.9804 |
142. | 652.9804 |
143. | 652.9804 |
144. | 652.9804 |
145. | 652.9804 |
     |----------|
146. | 652.9804 |
147. | 652.9804 |
148. | 652.9804 |
149. | 652.9804 |
150. | 652.9804 |
     |----------|
151. | 652.9804 |
152. | 652.9804 |
153. | 652.9804 |
154. | 652.9804 |
155. | 652.9804 |
     |----------|
156. | 652.9804 |
157. | 652.9804 |
158. | 652.9804 |
159. | 652.9804 |
160. | 652.9804 |
     |----------|
161. | 652.9804 |
162. | 652.9804 |
163. | 652.9804 |
164. | 652.9804 |
165. | 652.9804 |
     |----------|
166. | 652.9804 |
167. | 652.9804 |
168. | 652.9804 |
169. | 652.9804 |
170. | 652.9804 |
     |----------|
171. | 652.9804 |
172. | 652.9804 |
173. | 652.9804 |
174. | 652.9804 |
175. | 652.9804 |
     |----------|
176. | 652.9804 |
177. | 652.9804 |
178. | 652.9804 |
179. | 652.9804 |
180. | 652.9804 |
     |----------|
181. | 652.9804 |
182. | 652.9804 |
183. | 652.9804 |
184. | 652.9804 |
185. | 652.9804 |
     |----------|
186. | 652.9804 |
187. | 652.9804 |
188. | 652.9804 |
189. | 652.9804 |
190. | 652.9804 |
     |----------|
191. | 652.9804 |
192. | 652.9804 |
193. | 652.9804 |
194. | 652.9804 |
195. | 652.9804 |
     |----------|
196. | 652.9804 |
197. | 652.9804 |
198. | 652.9804 |
199. | 652.9804 |
200. | 652.9804 |
     |----------|
201. | 652.9804 |
202. | 652.9804 |
203. | 652.9804 |
204. | 652.9804 |
205. | 652.9804 |
     |----------|
206. | 652.9804 |
207. | 652.9804 |
208. | 652.9804 |
209. | 652.9804 |
210. | 652.9804 |
     |----------|
211. | 652.9804 |
212. | 652.9804 |
213. | 652.9804 |
214. | 652.9804 |
215. | 652.9804 |
     |----------|
216. | 652.9804 |
217. | 652.9804 |
218. | 652.9804 |
219. | 652.9804 |
220. | 652.9804 |
     |----------|
221. | 652.9804 |
222. | 652.9804 |
223. | 652.9804 |
224. | 652.9804 |
225. | 652.9804 |
     |----------|
226. | 652.9804 |
227. | 652.9804 |
228. | 652.9804 |
229. | 652.9804 |
230. | 652.9804 |
     |----------|
231. | 652.9804 |
232. | 652.9804 |
233. | 652.9804 |
234. | 652.9804 |
235. | 652.9804 |
     |----------|
236. | 652.9804 |
237. | 652.9804 |
238. | 652.9804 |
239. | 652.9804 |
240. | 652.9804 |
     |----------|
241. | 652.9804 |
242. | 652.9804 |
243. | 652.9804 |
244. | 652.9804 |
245. | 652.9804 |
     |----------|
246. | 652.9804 |
247. | 652.9804 |
248. | 652.9804 |
249. | 652.9804 |
250. | 652.9804 |
     |----------|
251. | 652.9804 |
252. | 652.9804 |
253. | 652.9804 |
254. | 652.9804 |
255. | 652.9804 |
     |----------|
256. | 652.9804 |
257. | 652.9804 |
258. | 652.9804 |
259. | 652.9804 |
260. | 652.9804 |
     |----------|
261. | 652.9804 |
262. | 652.9804 |
263. | 652.9804 |
264. | 652.9804 |
265. | 652.9804 |
     |----------|
266. | 652.9804 |
267. | 652.9804 |
268. | 652.9804 |
269. | 652.9804 |
270. | 652.9804 |
     |----------|
271. | 652.9804 |
272. | 652.9804 |
273. | 652.9804 |
274. | 652.9804 |
275. | 652.9804 |
     |----------|
276. | 652.9804 |
277. | 652.9804 |
278. | 652.9804 |
279. | 652.9804 |
280. | 652.9804 |
     |----------|
281. | 652.9804 |
282. | 652.9804 |
283. | 652.9804 |
284. | 652.9804 |
285. | 652.9804 |
     |----------|
286. | 652.9804 |
287. | 652.9804 |
288. | 652.9804 |
289. | 652.9804 |
290. | 652.9804 |
     |----------|
291. | 652.9804 |
292. | 652.9804 |
293. | 652.9804 |
294. | 652.9804 |
295. | 652.9804 |
     |----------|
296. | 652.9804 |
297. | 652.9804 |
298. | 652.9804 |
299. | 652.9804 |
300. | 652.9804 |
     |----------|
301. | 652.9804 |
302. | 652.9804 |
303. | 652.9804 |
304. | 652.9804 |
305. | 652.9804 |
     |----------|
306. | 652.9804 |
307. | 652.9804 |
308. | 652.9804 |
309. | 652.9804 |
310. | 652.9804 |
     |----------|
311. | 652.9804 |
312. | 652.9804 |
313. | 652.9804 |
314. | 652.9804 |
315. | 652.9804 |
     |----------|
316. | 652.9804 |
317. | 652.9804 |
318. | 652.9804 |
319. | 652.9804 |
320. | 652.9804 |
     |----------|
321. | 652.9804 |
322. | 652.9804 |
323. | 652.9804 |
324. | 652.9804 |
325. | 652.9804 |
     |----------|
326. | 652.9804 |
327. | 652.9804 |
328. | 652.9804 |
329. | 652.9804 |
330. | 652.9804 |
     |----------|
331. | 652.9804 |
332. | 652.9804 |
333. | 652.9804 |
334. | 652.9804 |
335. | 652.9804 |
     |----------|
336. | 652.9804 |
337. | 652.9804 |
338. | 652.9804 |
339. | 652.9804 |
340. | 652.9804 |
     |----------|
341. | 652.9804 |
342. | 652.9804 |
343. | 652.9804 |
344. | 652.9804 |
345. | 652.9804 |
     |----------|
346. | 652.9804 |
347. | 652.9804 |
348. | 652.9804 |
349. | 652.9804 |
350. | 652.9804 |
     |----------|
351. | 652.9804 |
352. | 652.9804 |
353. | 652.9804 |
354. | 652.9804 |
355. | 652.9804 |
     |----------|
356. | 652.9804 |
357. | 652.9804 |
358. | 652.9804 |
359. | 652.9804 |
360. | 652.9804 |
     |----------|
361. | 652.9804 |
362. | 652.9804 |
363. | 652.9804 |
364. | 652.9804 |
365. | 652.9804 |
     |----------|
366. | 652.9804 |
367. | 652.9804 |
368. | 652.9804 |
369. | 652.9804 |
370. | 652.9804 |
     |----------|
371. | 652.9804 |
372. | 652.9804 |
373. | 652.9804 |
374. | 652.9804 |
375. | 652.9804 |
     |----------|
376. | 652.9804 |
377. | 652.9804 |
378. | 652.9804 |
379. | 652.9804 |
380. | 652.9804 |
     |----------|
381. | 652.9804 |
382. | 652.9804 |
383. | 652.9804 |
384. | 652.9804 |
385. | 652.9804 |
     |----------|
386. | 652.9804 |
387. | 652.9804 |
388. | 652.9804 |
389. | 652.9804 |
390. | 652.9804 |
     |----------|
391. | 652.9804 |
392. | 652.9804 |
393. | 652.9804 |
394. | 652.9804 |
395. | 652.9804 |
     |----------|
396. | 652.9804 |
397. | 652.9804 |
398. | 652.9804 |
399. | 652.9804 |
400. | 652.9804 |
     |----------|
401. | 652.9804 |
402. | 652.9804 |
403. | 652.9804 |
404. | 652.9804 |
405. | 652.9804 |
     |----------|
406. | 652.9804 |
407. | 652.9804 |
408. | 652.9804 |
409. | 652.9804 |
410. | 652.9804 |
     |----------|
411. | 652.9804 |
412. | 652.9804 |
413. | 652.9804 |
414. | 652.9804 |
415. | 652.9804 |
     |----------|
416. | 652.9804 |
417. | 652.9804 |
418. | 652.9804 |
419. | 652.9804 |
420. | 652.9804 |
     +----------+

. // District A:  652.9804 
. drop tmp1

. gen tmp1 = `beta0_hat' + `beta1_hat'*(50/500)

. list tmp1

     +--------+
     |   tmp1 |
     |--------|
  1. | 694.86 |
  2. | 694.86 |
  3. | 694.86 |
  4. | 694.86 |
  5. | 694.86 |
     |--------|
  6. | 694.86 |
  7. | 694.86 |
  8. | 694.86 |
  9. | 694.86 |
 10. | 694.86 |
     |--------|
 11. | 694.86 |
 12. | 694.86 |
 13. | 694.86 |
 14. | 694.86 |
 15. | 694.86 |
     |--------|
 16. | 694.86 |
 17. | 694.86 |
 18. | 694.86 |
 19. | 694.86 |
 20. | 694.86 |
     |--------|
 21. | 694.86 |
 22. | 694.86 |
 23. | 694.86 |
 24. | 694.86 |
 25. | 694.86 |
     |--------|
 26. | 694.86 |
 27. | 694.86 |
 28. | 694.86 |
 29. | 694.86 |
 30. | 694.86 |
     |--------|
 31. | 694.86 |
 32. | 694.86 |
 33. | 694.86 |
 34. | 694.86 |
 35. | 694.86 |
     |--------|
 36. | 694.86 |
 37. | 694.86 |
 38. | 694.86 |
 39. | 694.86 |
 40. | 694.86 |
     |--------|
 41. | 694.86 |
 42. | 694.86 |
 43. | 694.86 |
 44. | 694.86 |
 45. | 694.86 |
     |--------|
 46. | 694.86 |
 47. | 694.86 |
 48. | 694.86 |
 49. | 694.86 |
 50. | 694.86 |
     |--------|
 51. | 694.86 |
 52. | 694.86 |
 53. | 694.86 |
 54. | 694.86 |
 55. | 694.86 |
     |--------|
 56. | 694.86 |
 57. | 694.86 |
 58. | 694.86 |
 59. | 694.86 |
 60. | 694.86 |
     |--------|
 61. | 694.86 |
 62. | 694.86 |
 63. | 694.86 |
 64. | 694.86 |
 65. | 694.86 |
     |--------|
 66. | 694.86 |
 67. | 694.86 |
 68. | 694.86 |
 69. | 694.86 |
 70. | 694.86 |
     |--------|
 71. | 694.86 |
 72. | 694.86 |
 73. | 694.86 |
 74. | 694.86 |
 75. | 694.86 |
     |--------|
 76. | 694.86 |
 77. | 694.86 |
 78. | 694.86 |
 79. | 694.86 |
 80. | 694.86 |
     |--------|
 81. | 694.86 |
 82. | 694.86 |
 83. | 694.86 |
 84. | 694.86 |
 85. | 694.86 |
     |--------|
 86. | 694.86 |
 87. | 694.86 |
 88. | 694.86 |
 89. | 694.86 |
 90. | 694.86 |
     |--------|
 91. | 694.86 |
 92. | 694.86 |
 93. | 694.86 |
 94. | 694.86 |
 95. | 694.86 |
     |--------|
 96. | 694.86 |
 97. | 694.86 |
 98. | 694.86 |
 99. | 694.86 |
100. | 694.86 |
     |--------|
101. | 694.86 |
102. | 694.86 |
103. | 694.86 |
104. | 694.86 |
105. | 694.86 |
     |--------|
106. | 694.86 |
107. | 694.86 |
108. | 694.86 |
109. | 694.86 |
110. | 694.86 |
     |--------|
111. | 694.86 |
112. | 694.86 |
113. | 694.86 |
114. | 694.86 |
115. | 694.86 |
     |--------|
116. | 694.86 |
117. | 694.86 |
118. | 694.86 |
119. | 694.86 |
120. | 694.86 |
     |--------|
121. | 694.86 |
122. | 694.86 |
123. | 694.86 |
124. | 694.86 |
125. | 694.86 |
     |--------|
126. | 694.86 |
127. | 694.86 |
128. | 694.86 |
129. | 694.86 |
130. | 694.86 |
     |--------|
131. | 694.86 |
132. | 694.86 |
133. | 694.86 |
134. | 694.86 |
135. | 694.86 |
     |--------|
136. | 694.86 |
137. | 694.86 |
138. | 694.86 |
139. | 694.86 |
140. | 694.86 |
     |--------|
141. | 694.86 |
142. | 694.86 |
143. | 694.86 |
144. | 694.86 |
145. | 694.86 |
     |--------|
146. | 694.86 |
147. | 694.86 |
148. | 694.86 |
149. | 694.86 |
150. | 694.86 |
     |--------|
151. | 694.86 |
152. | 694.86 |
153. | 694.86 |
154. | 694.86 |
155. | 694.86 |
     |--------|
156. | 694.86 |
157. | 694.86 |
158. | 694.86 |
159. | 694.86 |
160. | 694.86 |
     |--------|
161. | 694.86 |
162. | 694.86 |
163. | 694.86 |
164. | 694.86 |
165. | 694.86 |
     |--------|
166. | 694.86 |
167. | 694.86 |
168. | 694.86 |
169. | 694.86 |
170. | 694.86 |
     |--------|
171. | 694.86 |
172. | 694.86 |
173. | 694.86 |
174. | 694.86 |
175. | 694.86 |
     |--------|
176. | 694.86 |
177. | 694.86 |
178. | 694.86 |
179. | 694.86 |
180. | 694.86 |
     |--------|
181. | 694.86 |
182. | 694.86 |
183. | 694.86 |
184. | 694.86 |
185. | 694.86 |
     |--------|
186. | 694.86 |
187. | 694.86 |
188. | 694.86 |
189. | 694.86 |
190. | 694.86 |
     |--------|
191. | 694.86 |
192. | 694.86 |
193. | 694.86 |
194. | 694.86 |
195. | 694.86 |
     |--------|
196. | 694.86 |
197. | 694.86 |
198. | 694.86 |
199. | 694.86 |
200. | 694.86 |
     |--------|
201. | 694.86 |
202. | 694.86 |
203. | 694.86 |
204. | 694.86 |
205. | 694.86 |
     |--------|
206. | 694.86 |
207. | 694.86 |
208. | 694.86 |
209. | 694.86 |
210. | 694.86 |
     |--------|
211. | 694.86 |
212. | 694.86 |
213. | 694.86 |
214. | 694.86 |
215. | 694.86 |
     |--------|
216. | 694.86 |
217. | 694.86 |
218. | 694.86 |
219. | 694.86 |
220. | 694.86 |
     |--------|
221. | 694.86 |
222. | 694.86 |
223. | 694.86 |
224. | 694.86 |
225. | 694.86 |
     |--------|
226. | 694.86 |
227. | 694.86 |
228. | 694.86 |
229. | 694.86 |
230. | 694.86 |
     |--------|
231. | 694.86 |
232. | 694.86 |
233. | 694.86 |
234. | 694.86 |
235. | 694.86 |
     |--------|
236. | 694.86 |
237. | 694.86 |
238. | 694.86 |
239. | 694.86 |
240. | 694.86 |
     |--------|
241. | 694.86 |
242. | 694.86 |
243. | 694.86 |
244. | 694.86 |
245. | 694.86 |
     |--------|
246. | 694.86 |
247. | 694.86 |
248. | 694.86 |
249. | 694.86 |
250. | 694.86 |
     |--------|
251. | 694.86 |
252. | 694.86 |
253. | 694.86 |
254. | 694.86 |
255. | 694.86 |
     |--------|
256. | 694.86 |
257. | 694.86 |
258. | 694.86 |
259. | 694.86 |
260. | 694.86 |
     |--------|
261. | 694.86 |
262. | 694.86 |
263. | 694.86 |
264. | 694.86 |
265. | 694.86 |
     |--------|
266. | 694.86 |
267. | 694.86 |
268. | 694.86 |
269. | 694.86 |
270. | 694.86 |
     |--------|
271. | 694.86 |
272. | 694.86 |
273. | 694.86 |
274. | 694.86 |
275. | 694.86 |
     |--------|
276. | 694.86 |
277. | 694.86 |
278. | 694.86 |
279. | 694.86 |
280. | 694.86 |
     |--------|
281. | 694.86 |
282. | 694.86 |
283. | 694.86 |
284. | 694.86 |
285. | 694.86 |
     |--------|
286. | 694.86 |
287. | 694.86 |
288. | 694.86 |
289. | 694.86 |
290. | 694.86 |
     |--------|
291. | 694.86 |
292. | 694.86 |
293. | 694.86 |
294. | 694.86 |
295. | 694.86 |
     |--------|
296. | 694.86 |
297. | 694.86 |
298. | 694.86 |
299. | 694.86 |
300. | 694.86 |
     |--------|
301. | 694.86 |
302. | 694.86 |
303. | 694.86 |
304. | 694.86 |
305. | 694.86 |
     |--------|
306. | 694.86 |
307. | 694.86 |
308. | 694.86 |
309. | 694.86 |
310. | 694.86 |
     |--------|
311. | 694.86 |
312. | 694.86 |
313. | 694.86 |
314. | 694.86 |
315. | 694.86 |
     |--------|
316. | 694.86 |
317. | 694.86 |
318. | 694.86 |
319. | 694.86 |
320. | 694.86 |
     |--------|
321. | 694.86 |
322. | 694.86 |
323. | 694.86 |
324. | 694.86 |
325. | 694.86 |
     |--------|
326. | 694.86 |
327. | 694.86 |
328. | 694.86 |
329. | 694.86 |
330. | 694.86 |
     |--------|
331. | 694.86 |
332. | 694.86 |
333. | 694.86 |
334. | 694.86 |
335. | 694.86 |
     |--------|
336. | 694.86 |
337. | 694.86 |
338. | 694.86 |
339. | 694.86 |
340. | 694.86 |
     |--------|
341. | 694.86 |
342. | 694.86 |
343. | 694.86 |
344. | 694.86 |
345. | 694.86 |
     |--------|
346. | 694.86 |
347. | 694.86 |
348. | 694.86 |
349. | 694.86 |
350. | 694.86 |
     |--------|
351. | 694.86 |
352. | 694.86 |
353. | 694.86 |
354. | 694.86 |
355. | 694.86 |
     |--------|
356. | 694.86 |
357. | 694.86 |
358. | 694.86 |
359. | 694.86 |
360. | 694.86 |
     |--------|
361. | 694.86 |
362. | 694.86 |
363. | 694.86 |
364. | 694.86 |
365. | 694.86 |
     |--------|
366. | 694.86 |
367. | 694.86 |
368. | 694.86 |
369. | 694.86 |
370. | 694.86 |
     |--------|
371. | 694.86 |
372. | 694.86 |
373. | 694.86 |
374. | 694.86 |
375. | 694.86 |
     |--------|
376. | 694.86 |
377. | 694.86 |
378. | 694.86 |
379. | 694.86 |
380. | 694.86 |
     |--------|
381. | 694.86 |
382. | 694.86 |
383. | 694.86 |
384. | 694.86 |
385. | 694.86 |
     |--------|
386. | 694.86 |
387. | 694.86 |
388. | 694.86 |
389. | 694.86 |
390. | 694.86 |
     |--------|
391. | 694.86 |
392. | 694.86 |
393. | 694.86 |
394. | 694.86 |
395. | 694.86 |
     |--------|
396. | 694.86 |
397. | 694.86 |
398. | 694.86 |
399. | 694.86 |
400. | 694.86 |
     |--------|
401. | 694.86 |
402. | 694.86 |
403. | 694.86 |
404. | 694.86 |
405. | 694.86 |
     |--------|
406. | 694.86 |
407. | 694.86 |
408. | 694.86 |
409. | 694.86 |
410. | 694.86 |
     |--------|
411. | 694.86 |
412. | 694.86 |
413. | 694.86 |
414. | 694.86 |
415. | 694.86 |
     |--------|
416. | 694.86 |
417. | 694.86 |
418. | 694.86 |
419. | 694.86 |
420. | 694.86 |
     +--------+

. // District B:  694.86 
. drop tmp1

. 
. // 6b) We do not completely agree with this claim. While increasing the number 
. // of teachers will increase the average test scores of school A, we can’t 
. // claim that the new scores will match those of school B. This is because 
. // there are other variables included in the error term of the regression that 
. // affect student performance (such as school resources, quality of the students 
. // themselves, parents’ investment in child education, and so on). Thus, 
. // increasing the number of teachers to match that of school B will not 
. // guarantee that the students in school A will have the same test performance.
. 
. 
. // 6c) This could be possible because both the teacher student ratio and the 
. // average test scores can be influenced by the same lurking/omitted variable 
. // without having a causal impact upon each other, such as school size and 
. // funding. A public school could be both small (which would increase the 
. // teacher student ratio due to the smaller class sizes) and have a lot of 
. // funding (thus providing more resources for its students and helping improve 
. // their test performance).
. 
. 
. //--------------------------------- Problem 7 --------------------------------
. // 7a) Avinc
. scatter score_avg avginc || lfit score_avg avginc

. 
. // 7b) No, the scatterplot shows a more curved pattern.
. 
. // 7c) Regress
. regress score_avg avginc

      Source |       SS           df       MS      Number of obs   =       420
-------------+----------------------------------   F(1, 418)       =    430.83
       Model |   77204.394         1   77204.394   Prob > F        =    0.0000
    Residual |  74905.1997       418  179.199042   R-squared       =    0.5076
-------------+----------------------------------   Adj R-squared   =    0.5064
       Total |  152109.594       419  363.030056   Root MSE        =    13.387

------------------------------------------------------------------------------
   score_avg |      Coef.   Std. Err.      t    P>|t|     [95% Conf. Interval]
-------------+----------------------------------------------------------------
      avginc |    1.87855   .0905044    20.76   0.000     1.700649     2.05645
       _cons |   625.3836   1.532405   408.11   0.000     622.3714    628.3958
------------------------------------------------------------------------------

. // b1:  1.87855
. // b0: 625.3836
. // R^2:  0.5064
. 
. // 7d) Graph
. predict problem7, xb

. by id: gen residuals = (score_avg - problem7)

. scatter residuals avginc

. 
. //--------------------------------- Problem 8 --------------------------------
. //8a) Scatter Plot
. gen lavginc = log(avginc)

. scatter score_avg lavginc || lfit score_avg lavginc

. 
. // 8b) 
. regress score_avg lavginc

      Source |       SS           df       MS      Number of obs   =       420
-------------+----------------------------------   F(1, 418)       =    537.44
       Model |  85562.7343         1  85562.7343   Prob > F        =    0.0000
    Residual |  66546.8593       418  159.203013   R-squared       =    0.5625
-------------+----------------------------------   Adj R-squared   =    0.5615
       Total |  152109.594       419  363.030056   Root MSE        =    12.618

------------------------------------------------------------------------------
   score_avg |      Coef.   Std. Err.      t    P>|t|     [95% Conf. Interval]
-------------+----------------------------------------------------------------
     lavginc |   36.41968   1.570976    23.18   0.000     33.33169    39.50768
       _cons |   557.8323   4.200348   132.81   0.000     549.5758    566.0887
------------------------------------------------------------------------------

. // b1: 36.41968
. // b0: 557.8323 
. // R-squared = 0.5615
. 
. // 8c)
. predict problem8, xb

. by id: gen residuals8 = (score_avg - problem8)

. scatter residuals8 lavginc

. 
. // 8d)
. // In this question, the data points appear to display a much more linear 
. // relationship than in question 7. This is confirmed by the fact that the 
. // residual plot in part 8c displays a random scatter of residuals both above 
. // and below the zero line, while the one in 7d shows residuals points that 
. // are aligned in a more curved pattern about the zero line.  This can be 
. // explained by the fact that the logarithmic transformation of the data points 
. // in question 8 linearizes the data points.
. 
. 
. 
. //----------------------------------------------------------------------------
. 
. save "intro_data", replace
file intro_data.dta saved

. clear

. log close
      name:  <unnamed>
       log:  /Users/Sun/Desktop/Econometrics/stata/intro_data.log
  log type:  text
 closed on:  17 Apr 2017, 22:36:54
------------------------------------------------------------------------------------------
