-----------------------------------------------------------------
      name:  <unnamed>
       log:  /Users/Sun/Desktop/Econometrics/stata/regression.log
  log type:  text
 opened on:   6 Apr 2017, 20:27:12

. set more off

. sysuse auto
(1978 Automobile Data)

. d

Contains data from /Applications/Stata/ado/base/a/auto.dta
  obs:            74                          1978 Automobile
                                                Data
 vars:            12                          13 Apr 2014 17:45
 size:         3,182                          (_dta has notes)
-----------------------------------------------------------------
              storage   display    value
variable name   type    format     label      variable label
-----------------------------------------------------------------
make            str18   %-18s                 Make and Model
price           int     %8.0gc                Price
mpg             int     %8.0g                 Mileage (mpg)
rep78           int     %8.0g                 Repair Record 1978
headroom        float   %6.1f                 Headroom (in.)
trunk           int     %8.0g                 Trunk space (cu.
                                             ft.)
weight          int     %8.0gc                Weight (lbs.)
length          int     %8.0g                 Length (in.)
turn            int     %8.0g                 Turn Circle (ft.)
displacement    int     %8.0g                 Displacement (cu.
                                             in.)
gear_ratio      float   %6.2f                 Gear Ratio
foreign         byte    %8.0g      origin     Car type
-----------------------------------------------------------------
Sorted by: foreign

. list if _n <= 10

     +---------------------------------------------------------+
  1. | make          |  price | mpg | rep78 | headroom | trunk |
     | AMC Concord   |  4,099 |  22 |     3 |      2.5 |    11 |
     |------------------------+--------------------------------|
     | weight | length | turn | displa~t | gear_r~o |  foreign |
     |  2,930 |    186 |   40 |      121 |     3.58 | Domestic |
     +---------------------------------------------------------+

     +---------------------------------------------------------+
  2. | make          |  price | mpg | rep78 | headroom | trunk |
     | AMC Pacer     |  4,749 |  17 |     3 |      3.0 |    11 |
     |------------------------+--------------------------------|
     | weight | length | turn | displa~t | gear_r~o |  foreign |
     |  3,350 |    173 |   40 |      258 |     2.53 | Domestic |
     +---------------------------------------------------------+

     +---------------------------------------------------------+
  3. | make          |  price | mpg | rep78 | headroom | trunk |
     | AMC Spirit    |  3,799 |  22 |     . |      3.0 |    12 |
     |------------------------+--------------------------------|
     | weight | length | turn | displa~t | gear_r~o |  foreign |
     |  2,640 |    168 |   35 |      121 |     3.08 | Domestic |
     +---------------------------------------------------------+

     +---------------------------------------------------------+
  4. | make          |  price | mpg | rep78 | headroom | trunk |
     | Buick Century |  4,816 |  20 |     3 |      4.5 |    16 |
     |------------------------+--------------------------------|
     | weight | length | turn | displa~t | gear_r~o |  foreign |
     |  3,250 |    196 |   40 |      196 |     2.93 | Domestic |
     +---------------------------------------------------------+

     +---------------------------------------------------------+
  5. | make          |  price | mpg | rep78 | headroom | trunk |
     | Buick Electra |  7,827 |  15 |     4 |      4.0 |    20 |
     |------------------------+--------------------------------|
     | weight | length | turn | displa~t | gear_r~o |  foreign |
     |  4,080 |    222 |   43 |      350 |     2.41 | Domestic |
     +---------------------------------------------------------+

     +---------------------------------------------------------+
  6. | make          |  price | mpg | rep78 | headroom | trunk |
     | Buick LeSabre |  5,788 |  18 |     3 |      4.0 |    21 |
     |------------------------+--------------------------------|
     | weight | length | turn | displa~t | gear_r~o |  foreign |
     |  3,670 |    218 |   43 |      231 |     2.73 | Domestic |
     +---------------------------------------------------------+

     +---------------------------------------------------------+
  7. | make          |  price | mpg | rep78 | headroom | trunk |
     | Buick Opel    |  4,453 |  26 |     . |      3.0 |    10 |
     |------------------------+--------------------------------|
     | weight | length | turn | displa~t | gear_r~o |  foreign |
     |  2,230 |    170 |   34 |      304 |     2.87 | Domestic |
     +---------------------------------------------------------+

     +---------------------------------------------------------+
  8. | make          |  price | mpg | rep78 | headroom | trunk |
     | Buick Regal   |  5,189 |  20 |     3 |      2.0 |    16 |
     |------------------------+--------------------------------|
     | weight | length | turn | displa~t | gear_r~o |  foreign |
     |  3,280 |    200 |   42 |      196 |     2.93 | Domestic |
     +---------------------------------------------------------+

     +---------------------------------------------------------+
  9. | make          |  price | mpg | rep78 | headroom | trunk |
     | Buick Riviera | 10,372 |  16 |     3 |      3.5 |    17 |
     |------------------------+--------------------------------|
     | weight | length | turn | displa~t | gear_r~o |  foreign |
     |  3,880 |    207 |   43 |      231 |     2.93 | Domestic |
     +---------------------------------------------------------+

     +---------------------------------------------------------+
 10. | make          |  price | mpg | rep78 | headroom | trunk |
     | Buick Skylark |  4,082 |  19 |     3 |      3.5 |    13 |
     |------------------------+--------------------------------|
     | weight | length | turn | displa~t | gear_r~o |  foreign |
     |  3,400 |    200 |   42 |      231 |     3.08 | Domestic |
     +---------------------------------------------------------+

. list if _n <= 10

     +---------------------------------------------------------+
  1. | make          |  price | mpg | rep78 | headroom | trunk |
     | AMC Concord   |  4,099 |  22 |     3 |      2.5 |    11 |
     |------------------------+--------------------------------|
     | weight | length | turn | displa~t | gear_r~o |  foreign |
     |  2,930 |    186 |   40 |      121 |     3.58 | Domestic |
     +---------------------------------------------------------+

     +---------------------------------------------------------+
  2. | make          |  price | mpg | rep78 | headroom | trunk |
     | AMC Pacer     |  4,749 |  17 |     3 |      3.0 |    11 |
     |------------------------+--------------------------------|
     | weight | length | turn | displa~t | gear_r~o |  foreign |
     |  3,350 |    173 |   40 |      258 |     2.53 | Domestic |
     +---------------------------------------------------------+

     +---------------------------------------------------------+
  3. | make          |  price | mpg | rep78 | headroom | trunk |
     | AMC Spirit    |  3,799 |  22 |     . |      3.0 |    12 |
     |------------------------+--------------------------------|
     | weight | length | turn | displa~t | gear_r~o |  foreign |
     |  2,640 |    168 |   35 |      121 |     3.08 | Domestic |
     +---------------------------------------------------------+

     +---------------------------------------------------------+
  4. | make          |  price | mpg | rep78 | headroom | trunk |
     | Buick Century |  4,816 |  20 |     3 |      4.5 |    16 |
     |------------------------+--------------------------------|
     | weight | length | turn | displa~t | gear_r~o |  foreign |
     |  3,250 |    196 |   40 |      196 |     2.93 | Domestic |
     +---------------------------------------------------------+

     +---------------------------------------------------------+
  5. | make          |  price | mpg | rep78 | headroom | trunk |
     | Buick Electra |  7,827 |  15 |     4 |      4.0 |    20 |
     |------------------------+--------------------------------|
     | weight | length | turn | displa~t | gear_r~o |  foreign |
     |  4,080 |    222 |   43 |      350 |     2.41 | Domestic |
     +---------------------------------------------------------+

     +---------------------------------------------------------+
  6. | make          |  price | mpg | rep78 | headroom | trunk |
     | Buick LeSabre |  5,788 |  18 |     3 |      4.0 |    21 |
     |------------------------+--------------------------------|
     | weight | length | turn | displa~t | gear_r~o |  foreign |
     |  3,670 |    218 |   43 |      231 |     2.73 | Domestic |
     +---------------------------------------------------------+

     +---------------------------------------------------------+
  7. | make          |  price | mpg | rep78 | headroom | trunk |
     | Buick Opel    |  4,453 |  26 |     . |      3.0 |    10 |
     |------------------------+--------------------------------|
     | weight | length | turn | displa~t | gear_r~o |  foreign |
     |  2,230 |    170 |   34 |      304 |     2.87 | Domestic |
     +---------------------------------------------------------+

     +---------------------------------------------------------+
  8. | make          |  price | mpg | rep78 | headroom | trunk |
     | Buick Regal   |  5,189 |  20 |     3 |      2.0 |    16 |
     |------------------------+--------------------------------|
     | weight | length | turn | displa~t | gear_r~o |  foreign |
     |  3,280 |    200 |   42 |      196 |     2.93 | Domestic |
     +---------------------------------------------------------+

     +---------------------------------------------------------+
  9. | make          |  price | mpg | rep78 | headroom | trunk |
     | Buick Riviera | 10,372 |  16 |     3 |      3.5 |    17 |
     |------------------------+--------------------------------|
     | weight | length | turn | displa~t | gear_r~o |  foreign |
     |  3,880 |    207 |   43 |      231 |     2.93 | Domestic |
     +---------------------------------------------------------+

     +---------------------------------------------------------+
 10. | make          |  price | mpg | rep78 | headroom | trunk |
     | Buick Skylark |  4,082 |  19 |     3 |      3.5 |    13 |
     |------------------------+--------------------------------|
     | weight | length | turn | displa~t | gear_r~o |  foreign |
     |  3,400 |    200 |   42 |      231 |     3.08 | Domestic |
     +---------------------------------------------------------+

. scatter price mpg || lfit price mpg

. reg price mpg

      Source |       SS           df       MS      Number of obs 
>   =        74
-------------+----------------------------------   F(1, 72)      
>   =     20.26
       Model |   139449474         1   139449474   Prob > F      
>   =    0.0000
    Residual |   495615923        72  6883554.48   R-squared     
>   =    0.2196
-------------+----------------------------------   Adj R-squared 
>   =    0.2087
       Total |   635065396        73  8699525.97   Root MSE      
>   =    2623.7

-----------------------------------------------------------------
> -------------
       price |      Coef.   Std. Err.      t    P>|t|     [95% Co
> n                                                              
>  f. Interval]
-------------+---------------------------------------------------
> -------------
         mpg |  -238.8943   53.07669    -4.50   0.000    -344.700
> 8                                                              
>     -133.0879
       _cons |   11253.06   1170.813     9.61   0.000     8919.08
> 8                                                              
>      13587.03
-----------------------------------------------------------------
> -------------

. reg price mpg

      Source |       SS           df       MS      Number of obs 
>   =        74
-------------+----------------------------------   F(1, 72)      
>   =     20.26
       Model |   139449474         1   139449474   Prob > F      
>   =    0.0000
    Residual |   495615923        72  6883554.48   R-squared     
>   =    0.2196
-------------+----------------------------------   Adj R-squared 
>   =    0.2087
       Total |   635065396        73  8699525.97   Root MSE      
>   =    2623.7

-----------------------------------------------------------------
> -------------
       price |      Coef.   Std. Err.      t    P>|t|     [95% Co
> n                                                              
>  f. Interval]
-------------+---------------------------------------------------
> -------------
         mpg |  -238.8943   53.07669    -4.50   0.000    -344.700
> 8                                                              
>     -133.0879
       _cons |   11253.06   1170.813     9.61   0.000     8919.08
> 8                                                              
>      13587.03
-----------------------------------------------------------------
> -------------

. exit
